#
# A fatal error has been detected by the Java Runtime Environment:
#
#  EXCEPTION_ACCESS_VIOLATION (0xc0000005) at pc=0x00007ffd4f3e6a87, pid=40160, tid=31272
#
# JRE version: OpenJDK Runtime Environment (17.0.2+8) (build 17.0.2+8-86)
# Java VM: OpenJDK 64-Bit Server VM (17.0.2+8-86, mixed mode, sharing, tiered, compressed oops, compressed class ptrs, g1 gc, windows-amd64)
# Problematic frame:
# C  [glass.dll+0x26a87]
#
# No core dump will be written. Minidumps are not enabled by default on client versions of Windows
#
# If you would like to submit a bug report, please visit:
#   https://bugreport.java.com/bugreport/crash.jsp
#

---------------  S U M M A R Y ------------

Command Line: -javaagent:D:\IntelliJ IDEA 2021.3.1\lib\idea_rt.jar=54157:D:\IntelliJ IDEA 2021.3.1\bin -Dfile.encoding=UTF-8 --module-path=C:\Users\Андрей\.m2\repository\org\openjfx\javafx-graphics\17.0.1\javafx-graphics-17.0.1-win.jar;C:\Users\Андрей\.m2\repository\org\openjfx\javafx-controls\17.0.1\javafx-controls-17.0.1-win.jar;C:\Users\Андрей\Desktop\Univers\jawa\New cursework\target\classes;C:\Users\Андрей\.m2\repository\org\openjfx\javafx-fxml\17.0.1\javafx-fxml-17.0.1-win.jar;C:\Users\Андрей\.m2\repository\org\openjfx\javafx-base\17.0.1\javafx-base-17.0.1-win.jar -Djdk.module.main=com.java.app.cursework com.java.app.cursework/com.java.app.cursework.Application

Host: Intel(R) Core(TM) i5-7300HQ CPU @ 2.50GHz, 4 cores, 19G,  Windows 10 , 64 bit Build 17763 (10.0.17763.475)
Time: Sun May  1 18:21:50 2022 Центральная Азия (зима) elapsed time: 14.828388 seconds (0d 0h 0m 14s)

---------------  T H R E A D  ---------------

Current thread (0x000001436ac70370):  VMThread "VM Thread" [stack: 0x000000251ed00000,0x000000251ee00000] [id=31272]

Stack: [0x000000251ed00000,0x000000251ee00000],  sp=0x000000251edff270,  free space=1020k
Native frames: (J=compiled Java code, j=interpreted, Vv=VM code, C=native code)
C  [glass.dll+0x26a87]


siginfo: EXCEPTION_ACCESS_VIOLATION (0xc0000005), reading address 0x0000000000000000


Register to memory mapping:

RIP=0x00007ffd4f3e6a87 glass.dll
RAX=0x0 is NULL
RBX=0x000001436ac7eaa8 is a global jni handle
RCX=0x000001436ac70370 points into unknown readable memory: 0x00007ffd03f5e880 | 80 e8 f5 03 fd 7f 00 00
RDX=0x000000251edff270 points into unknown readable memory: 0x0000000000000000 | 00 00 00 00 00 00 00 00
RSP=0x000000251edff270 points into unknown readable memory: 0x0000000000000000 | 00 00 00 00 00 00 00 00
RBP=0x000001436c138858 points into unknown readable memory: 0x0000791a6803a74e | 4e a7 03 68 1a 79 00 00
RSI=0x000001436c138830 points into unknown readable memory: 0x1fff2ad5e798a74e | 4e a7 98 e7 d5 2a ff 1f
RDI=0x0000791a6803a74e is an unknown value
R8 =0x0000000000010002 is an unknown value
R9 =0x0000791a6803a74e is an unknown value
R10=0x0000014343fd1050 points into unknown readable memory: 0x0000000000010001 | 01 00 01 00 00 00 00 00
R11=0x000001436c343160 points into unknown readable memory: 0x0000000000000000 | 00 00 00 00 00 00 00 00
R12=0x00007ffd4f3e4354 glass.dll
R13=0x00007ffd041049d0 jvm.dll
R14=0x000000251edff368 points into unknown readable memory: 0x000000251edff350 | 50 f3 df 1e 25 00 00 00
R15=0x000001436c138830 points into unknown readable memory: 0x1fff2ad5e798a74e | 4e a7 98 e7 d5 2a ff 1f


Registers:
RAX=0x0000000000000000, RBX=0x000001436ac7eaa8, RCX=0x000001436ac70370, RDX=0x000000251edff270
RSP=0x000000251edff270, RBP=0x000001436c138858, RSI=0x000001436c138830, RDI=0x0000791a6803a74e
R8 =0x0000000000010002, R9 =0x0000791a6803a74e, R10=0x0000014343fd1050, R11=0x000001436c343160
R12=0x00007ffd4f3e4354, R13=0x00007ffd041049d0, R14=0x000000251edff368, R15=0x000001436c138830
RIP=0x00007ffd4f3e6a87, EFLAGS=0x0000000000010202

Top of Stack: (sp=0x000000251edff270)
0x000000251edff270:   0000000000000000 0000014300000000
0x000000251edff280:   000001436c138830 00007ffd4f3f71a0
0x000000251edff290:   000001436c138838 00007ffda61c3e26
0x000000251edff2a0:   0000791a6803a74e 0000014300000000
0x000000251edff2b0:   0000000000000001 00007ffda61c0f54
0x000000251edff2c0:   fffffffffffffffe 0000000000000001
0x000000251edff2d0:   0000000000000001 00007ffd4f3c0000
0x000000251edff2e0:   000000251edff358 00007ffda61c3d4b
0x000000251edff2f0:   0000000000000000 000000251edff368
0x000000251edff300:   000000251edff630 00007ffda629c130
0x000000251edff310:   0000000000000001 00007ffda61c3d04
0x000000251edff320:   0000000000000000 0000000000000001
0x000000251edff330:   0000000000000001 000000251edff358
0x000000251edff340:   0000000000000000 00007ffd4f3e41e1
0x000000251edff350:   00007ffd4f3fa138 00007ffd00000002
0x000000251edff360:   0000000000000002 000000251edff350 

Instructions: (pc=0x00007ffd4f3e6a87)
0x00007ffd4f3e6987:   8b 4d 58 e8 01 cf ff ff 48 8b 4d 60 e8 f8 ce ff
0x00007ffd4f3e6997:   ff 48 8b 95 80 00 00 00 48 8b 8d 18 01 00 00 e8
0x00007ffd4f3e69a7:   c6 c3 ff ff 33 d2 33 c9 e8 3c e1 ff ff 90 48 89
0x00007ffd4f3e69b7:   54 24 10 55 48 83 ec 20 48 8b ea 48 b8 00 00 00
0x00007ffd4f3e69c7:   00 00 00 00 00 48 83 c4 20 5d c3 cc 40 55 48 8b
0x00007ffd4f3e69d7:   ea 48 8b 01 33 c9 81 38 05 00 00 c0 0f 94 c1 8b
0x00007ffd4f3e69e7:   c1 5d c3 cc 40 55 48 83 ec 20 48 8b ea 8a 4d 40
0x00007ffd4f3e69f7:   48 83 c4 20 5d e9 f7 d2 ff ff cc 40 55 48 83 ec
0x00007ffd4f3e6a07:   20 48 8b ea 8a 4d 20 e8 e5 d2 ff ff 90 48 83 c4
0x00007ffd4f3e6a17:   20 5d c3 cc 40 55 48 83 ec 20 48 8b ea 48 83 c4
0x00007ffd4f3e6a27:   20 5d e9 46 d1 ff ff cc 40 55 48 83 ec 30 48 8b
0x00007ffd4f3e6a37:   ea 48 8b 01 8b 10 48 89 4c 24 28 89 54 24 20 4c
0x00007ffd4f3e6a47:   8d 0d e7 d5 ff ff 4c 8b 45 70 8b 55 68 48 8b 4d
0x00007ffd4f3e6a57:   60 e8 87 d0 ff ff 90 48 83 c4 30 5d c3 cc cc cc
0x00007ffd4f3e6a67:   cc cc cc cc cc cc cc cc cc 40 53 48 83 ec 20 48
0x00007ffd4f3e6a77:   8b 1d b3 30 01 00 48 85 db 74 16 e8 09 8b ff ff
0x00007ffd4f3e6a87:   4c 8b 00 48 8b d3 48 8b c8 41 ff 90 b0 00 00 00
0x00007ffd4f3e6a97:   90 48 83 c4 20 5b c3 cc cc 40 53 48 83 ec 20 48
0x00007ffd4f3e6aa7:   8b 1d 2b 32 01 00 48 85 db 74 57 b8 ff ff ff ff
0x00007ffd4f3e6ab7:   f0 0f c1 43 10 83 f8 01 75 3d 48 85 db 74 38 48
0x00007ffd4f3e6ac7:   8b 0b 48 85 c9 74 0d ff 15 d4 07 00 00 48 c7 03
0x00007ffd4f3e6ad7:   00 00 00 00 48 8b 4b 08 48 85 c9 74 0d e8 a7 cd
0x00007ffd4f3e6ae7:   ff ff 48 c7 43 08 00 00 00 00 ba 18 00 00 00 48
0x00007ffd4f3e6af7:   8b cb e8 92 cd ff ff 48 c7 05 cf 31 01 00 00 00
0x00007ffd4f3e6b07:   00 00 48 83 c4 20 5b c3 cc 40 53 48 83 ec 20 48
0x00007ffd4f3e6b17:   8b 1d 9b 31 01 00 48 85 db 74 57 b8 ff ff ff ff
0x00007ffd4f3e6b27:   f0 0f c1 43 10 83 f8 01 75 3d 48 85 db 74 38 48
0x00007ffd4f3e6b37:   8b 0b 48 85 c9 74 0d ff 15 64 07 00 00 48 c7 03
0x00007ffd4f3e6b47:   00 00 00 00 48 8b 4b 08 48 85 c9 74 0d e8 37 cd
0x00007ffd4f3e6b57:   ff ff 48 c7 43 08 00 00 00 00 ba 18 00 00 00 48
0x00007ffd4f3e6b67:   8b cb e8 22 cd ff ff 48 c7 05 3f 31 01 00 00 00
0x00007ffd4f3e6b77:   00 00 48 83 c4 20 5b c3 cc 40 53 48 83 ec 20 48 


Stack slot to memory mapping:
stack at sp + 0 slots: 0x0 is NULL
stack at sp + 1 slots: 0x0000014300000000 points into unknown readable memory: 0x0000000000000000 | 00 00 00 00 00 00 00 00
stack at sp + 2 slots: 0x000001436c138830 points into unknown readable memory: 0x1fff2ad5e798a74e | 4e a7 98 e7 d5 2a ff 1f
stack at sp + 3 slots: 0x00007ffd4f3f71a0 glass.dll
stack at sp + 4 slots: 0x000001436c138838 points into unknown readable memory: 0x0000791a6803a74e | 4e a7 03 68 1a 79 00 00
stack at sp + 5 slots: 0x00007ffda61c3e26 ucrtbase.dll
stack at sp + 6 slots: 0x0000791a6803a74e is an unknown value
stack at sp + 7 slots: 0x0000014300000000 points into unknown readable memory: 0x0000000000000000 | 00 00 00 00 00 00 00 00

VM_Operation (0x00000025207fee20): Exit, mode: safepoint, requested by thread 0x000001436cc58e40


---------------  P R O C E S S  ---------------

Threads class SMR info:
_java_thread_list=0x000001436d330f90, length=21, elements={
0x00000143462721b0, 0x000001436ac78310, 0x000001436ac79090, 0x000001436ac8e3a0,
0x000001436ac8ee60, 0x000001436ac92840, 0x000001436ac95110, 0x000001436ac95db0,
0x000001436ac9a350, 0x000001436acd51c0, 0x000001436ac611b0, 0x000001436bfe7fb0,
0x000001436bfe8480, 0x000001436c4f84e0, 0x000001436c6982d0, 0x000001436c675e70,
0x000001436c76e620, 0x000001436ce5b520, 0x000001436cc58970, 0x000001436cc59310,
0x000001436cc58e40
}

Java Threads: ( => current thread )
  0x00000143462721b0 JavaThread "main" [_thread_blocked, id=23292, stack(0x000000251e700000,0x000000251e800000)]
  0x000001436ac78310 JavaThread "Reference Handler" daemon [_thread_blocked, id=31460, stack(0x000000251ee00000,0x000000251ef00000)]
  0x000001436ac79090 JavaThread "Finalizer" daemon [_thread_blocked, id=41400, stack(0x000000251ef00000,0x000000251f000000)]
  0x000001436ac8e3a0 JavaThread "Signal Dispatcher" daemon [_thread_blocked, id=1500, stack(0x000000251f000000,0x000000251f100000)]
  0x000001436ac8ee60 JavaThread "Attach Listener" daemon [_thread_blocked, id=30964, stack(0x000000251f100000,0x000000251f200000)]
  0x000001436ac92840 JavaThread "Service Thread" daemon [_thread_blocked, id=37656, stack(0x000000251f200000,0x000000251f300000)]
  0x000001436ac95110 JavaThread "Monitor Deflation Thread" daemon [_thread_blocked, id=33340, stack(0x000000251f300000,0x000000251f400000)]
  0x000001436ac95db0 JavaThread "C2 CompilerThread0" daemon [_thread_blocked, id=39732, stack(0x000000251f400000,0x000000251f500000)]
  0x000001436ac9a350 JavaThread "C1 CompilerThread0" daemon [_thread_blocked, id=22028, stack(0x000000251f500000,0x000000251f600000)]
  0x000001436acd51c0 JavaThread "Sweeper thread" daemon [_thread_blocked, id=38096, stack(0x000000251f600000,0x000000251f700000)]
  0x000001436ac611b0 JavaThread "Common-Cleaner" daemon [_thread_blocked, id=7744, stack(0x000000251f700000,0x000000251f800000)]
  0x000001436bfe7fb0 JavaThread "Monitor Ctrl-Break" daemon [_thread_in_native, id=34804, stack(0x000000251fa00000,0x000000251fb00000)]
  0x000001436bfe8480 JavaThread "Notification Thread" daemon [_thread_blocked, id=6632, stack(0x000000251fb00000,0x000000251fc00000)]
  0x000001436c4f84e0 JavaThread "QuantumRenderer-0" daemon [_thread_blocked, id=20904, stack(0x000000251fd00000,0x000000251fe00000)]
  0x000001436c6982d0 JavaThread "InvokeLaterDispatcher" daemon [_thread_blocked, id=16648, stack(0x000000251f900000,0x000000251fa00000)]
  0x000001436c675e70 JavaThread "JavaFX Application Thread" [_thread_in_native, id=25728, stack(0x000000251ff00000,0x0000002520000000)]
  0x000001436c76e620 JavaThread "JavaFX-Launcher" [_thread_blocked, id=25312, stack(0x0000002520600000,0x0000002520700000)]
  0x000001436ce5b520 JavaThread "Thread-2" daemon [_thread_in_native, id=39724, stack(0x0000002520500000,0x0000002520600000)]
  0x000001436cc58970 JavaThread "Prism Font Disposer" daemon [_thread_blocked, id=7752, stack(0x0000002520c00000,0x0000002520d00000)]
  0x000001436cc59310 JavaThread "Cleaner-0" daemon [_thread_blocked, id=35672, stack(0x0000002520d00000,0x0000002520e00000)]
  0x000001436cc58e40 JavaThread "SIGINT handler" daemon [_thread_blocked, id=21132, stack(0x0000002520700000,0x0000002520800000)]

Other Threads:
=>0x000001436ac70370 VMThread "VM Thread" [stack: 0x000000251ed00000,0x000000251ee00000] [id=31272]
  0x00000143462c4050 GCTaskThread "GC Thread#0" [stack: 0x000000251e800000,0x000000251e900000] [id=35396]
  0x000001436ce38100 GCTaskThread "GC Thread#1" [stack: 0x0000002520200000,0x0000002520300000] [id=11248]
  0x000001436ce383b0 GCTaskThread "GC Thread#2" [stack: 0x0000002520300000,0x0000002520400000] [id=29880]
  0x000001436ce38660 GCTaskThread "GC Thread#3" [stack: 0x0000002520400000,0x0000002520500000] [id=35356]
  0x00000143462d1200 ConcurrentGCThread "G1 Main Marker" terminated
  0x00000143462d1b20 ConcurrentGCThread "G1 Conc#0" [stack: 0x000000251ea00000,0x000000251eb00000] [id=37456]
  0x0000014346331020 ConcurrentGCThread "G1 Refine#0" terminated
  0x000001436d1290c0 ConcurrentGCThread "G1 Refine#1" terminated
  0x0000014346333960 ConcurrentGCThread "G1 Service" terminated

Threads with active compile tasks:

VM state: at safepoint (shutting down)

VM Mutex/Monitor currently owned by a thread:  ([mutex/lock_event])
[0x000001434626f560] Threads_lock - owner thread: 0x000001436ac70370
[0x000001434626ddc0] Heap_lock - owner thread: 0x000001436cc58e40

Heap address: 0x00000006c1800000, size: 5096 MB, Compressed Oops mode: Zero based, Oop shift amount: 3

CDS archive(s) mapped at: [0x0000000800000000-0x0000000800bc0000-0x0000000800bc0000), size 12320768, SharedBaseAddress: 0x0000000800000000, ArchiveRelocationMode: 0.
Compressed class space mapped at: 0x0000000800c00000-0x0000000840c00000, reserved size: 1073741824
Narrow klass base: 0x0000000800000000, Narrow klass shift: 0, Narrow klass range: 0x100000000

GC Precious Log:
 CPUs: 4 total, 4 available
 Memory: 20372M
 Large Page Support: Disabled
 NUMA Support: Disabled
 Compressed Oops: Enabled (Zero based)
 Heap Region Size: 4M
 Heap Min Capacity: 8M
 Heap Initial Capacity: 320M
 Heap Max Capacity: 5096M
 Pre-touch: Disabled
 Parallel Workers: 4
 Concurrent Workers: 1
 Concurrent Refinement Workers: 4
 Periodic GC: Disabled

Heap:
 garbage-first heap   total 327680K, used 17900K [0x00000006c1800000, 0x0000000800000000)
  region size 4096K, 4 young (16384K), 1 survivors (4096K)
 Metaspace       used 15733K, committed 16000K, reserved 1064960K
  class space    used 2247K, committed 2368K, reserved 1048576K

Heap Regions: E=young(eden), S=young(survivor), O=old, HS=humongous(starts), HC=humongous(continues), CS=collection set, F=free, OA=open archive, CA=closed archive, TAMS=top-at-mark-start (previous, next)
|   0|0x00000006c1800000, 0x00000006c1c00000, 0x00000006c1c00000|100%| O|  |TAMS 0x00000006c1800000, 0x00000006c1800000| Untracked 
|   1|0x00000006c1c00000, 0x00000006c1d7b200, 0x00000006c2000000| 37%| O|  |TAMS 0x00000006c1c00000, 0x00000006c1c00000| Untracked 
|   2|0x00000006c2000000, 0x00000006c2000000, 0x00000006c2400000|  0%| F|  |TAMS 0x00000006c2000000, 0x00000006c2000000| Untracked 
|   3|0x00000006c2400000, 0x00000006c2400000, 0x00000006c2800000|  0%| F|  |TAMS 0x00000006c2400000, 0x00000006c2400000| Untracked 
|   4|0x00000006c2800000, 0x00000006c2800000, 0x00000006c2c00000|  0%| F|  |TAMS 0x00000006c2800000, 0x00000006c2800000| Untracked 
|   5|0x00000006c2c00000, 0x00000006c2c00000, 0x00000006c3000000|  0%| F|  |TAMS 0x00000006c2c00000, 0x00000006c2c00000| Untracked 
|   6|0x00000006c3000000, 0x00000006c3000000, 0x00000006c3400000|  0%| F|  |TAMS 0x00000006c3000000, 0x00000006c3000000| Untracked 
|   7|0x00000006c3400000, 0x00000006c3400000, 0x00000006c3800000|  0%| F|  |TAMS 0x00000006c3400000, 0x00000006c3400000| Untracked 
|   8|0x00000006c3800000, 0x00000006c3800000, 0x00000006c3c00000|  0%| F|  |TAMS 0x00000006c3800000, 0x00000006c3800000| Untracked 
|   9|0x00000006c3c00000, 0x00000006c3c00000, 0x00000006c4000000|  0%| F|  |TAMS 0x00000006c3c00000, 0x00000006c3c00000| Untracked 
|  10|0x00000006c4000000, 0x00000006c4000000, 0x00000006c4400000|  0%| F|  |TAMS 0x00000006c4000000, 0x00000006c4000000| Untracked 
|  11|0x00000006c4400000, 0x00000006c4400000, 0x00000006c4800000|  0%| F|  |TAMS 0x00000006c4400000, 0x00000006c4400000| Untracked 
|  12|0x00000006c4800000, 0x00000006c4800000, 0x00000006c4c00000|  0%| F|  |TAMS 0x00000006c4800000, 0x00000006c4800000| Untracked 
|  13|0x00000006c4c00000, 0x00000006c4c00000, 0x00000006c5000000|  0%| F|  |TAMS 0x00000006c4c00000, 0x00000006c4c00000| Untracked 
|  14|0x00000006c5000000, 0x00000006c5000000, 0x00000006c5400000|  0%| F|  |TAMS 0x00000006c5000000, 0x00000006c5000000| Untracked 
|  15|0x00000006c5400000, 0x00000006c5400000, 0x00000006c5800000|  0%| F|  |TAMS 0x00000006c5400000, 0x00000006c5400000| Untracked 
|  16|0x00000006c5800000, 0x00000006c5800000, 0x00000006c5c00000|  0%| F|  |TAMS 0x00000006c5800000, 0x00000006c5800000| Untracked 
|  17|0x00000006c5c00000, 0x00000006c5c00000, 0x00000006c6000000|  0%| F|  |TAMS 0x00000006c5c00000, 0x00000006c5c00000| Untracked 
|  18|0x00000006c6000000, 0x00000006c6000000, 0x00000006c6400000|  0%| F|  |TAMS 0x00000006c6000000, 0x00000006c6000000| Untracked 
|  19|0x00000006c6400000, 0x00000006c6400000, 0x00000006c6800000|  0%| F|  |TAMS 0x00000006c6400000, 0x00000006c6400000| Untracked 
|  20|0x00000006c6800000, 0x00000006c6800000, 0x00000006c6c00000|  0%| F|  |TAMS 0x00000006c6800000, 0x00000006c6800000| Untracked 
|  21|0x00000006c6c00000, 0x00000006c6c00000, 0x00000006c7000000|  0%| F|  |TAMS 0x00000006c6c00000, 0x00000006c6c00000| Untracked 
|  22|0x00000006c7000000, 0x00000006c7000000, 0x00000006c7400000|  0%| F|  |TAMS 0x00000006c7000000, 0x00000006c7000000| Untracked 
|  23|0x00000006c7400000, 0x00000006c7400000, 0x00000006c7800000|  0%| F|  |TAMS 0x00000006c7400000, 0x00000006c7400000| Untracked 
|  24|0x00000006c7800000, 0x00000006c7800000, 0x00000006c7c00000|  0%| F|  |TAMS 0x00000006c7800000, 0x00000006c7800000| Untracked 
|  25|0x00000006c7c00000, 0x00000006c7c00000, 0x00000006c8000000|  0%| F|  |TAMS 0x00000006c7c00000, 0x00000006c7c00000| Untracked 
|  26|0x00000006c8000000, 0x00000006c8000000, 0x00000006c8400000|  0%| F|  |TAMS 0x00000006c8000000, 0x00000006c8000000| Untracked 
|  27|0x00000006c8400000, 0x00000006c8400000, 0x00000006c8800000|  0%| F|  |TAMS 0x00000006c8400000, 0x00000006c8400000| Untracked 
|  28|0x00000006c8800000, 0x00000006c8800000, 0x00000006c8c00000|  0%| F|  |TAMS 0x00000006c8800000, 0x00000006c8800000| Untracked 
|  29|0x00000006c8c00000, 0x00000006c8c00000, 0x00000006c9000000|  0%| F|  |TAMS 0x00000006c8c00000, 0x00000006c8c00000| Untracked 
|  30|0x00000006c9000000, 0x00000006c9000000, 0x00000006c9400000|  0%| F|  |TAMS 0x00000006c9000000, 0x00000006c9000000| Untracked 
|  31|0x00000006c9400000, 0x00000006c9400000, 0x00000006c9800000|  0%| F|  |TAMS 0x00000006c9400000, 0x00000006c9400000| Untracked 
|  32|0x00000006c9800000, 0x00000006c9800000, 0x00000006c9c00000|  0%| F|  |TAMS 0x00000006c9800000, 0x00000006c9800000| Untracked 
|  33|0x00000006c9c00000, 0x00000006c9c00000, 0x00000006ca000000|  0%| F|  |TAMS 0x00000006c9c00000, 0x00000006c9c00000| Untracked 
|  34|0x00000006ca000000, 0x00000006ca000000, 0x00000006ca400000|  0%| F|  |TAMS 0x00000006ca000000, 0x00000006ca000000| Untracked 
|  35|0x00000006ca400000, 0x00000006ca400000, 0x00000006ca800000|  0%| F|  |TAMS 0x00000006ca400000, 0x00000006ca400000| Untracked 
|  36|0x00000006ca800000, 0x00000006ca800000, 0x00000006cac00000|  0%| F|  |TAMS 0x00000006ca800000, 0x00000006ca800000| Untracked 
|  37|0x00000006cac00000, 0x00000006cac00000, 0x00000006cb000000|  0%| F|  |TAMS 0x00000006cac00000, 0x00000006cac00000| Untracked 
|  38|0x00000006cb000000, 0x00000006cb000000, 0x00000006cb400000|  0%| F|  |TAMS 0x00000006cb000000, 0x00000006cb000000| Untracked 
|  39|0x00000006cb400000, 0x00000006cb400000, 0x00000006cb800000|  0%| F|  |TAMS 0x00000006cb400000, 0x00000006cb400000| Untracked 
|  40|0x00000006cb800000, 0x00000006cb800000, 0x00000006cbc00000|  0%| F|  |TAMS 0x00000006cb800000, 0x00000006cb800000| Untracked 
|  41|0x00000006cbc00000, 0x00000006cbc00000, 0x00000006cc000000|  0%| F|  |TAMS 0x00000006cbc00000, 0x00000006cbc00000| Untracked 
|  42|0x00000006cc000000, 0x00000006cc000000, 0x00000006cc400000|  0%| F|  |TAMS 0x00000006cc000000, 0x00000006cc000000| Untracked 
|  43|0x00000006cc400000, 0x00000006cc400000, 0x00000006cc800000|  0%| F|  |TAMS 0x00000006cc400000, 0x00000006cc400000| Untracked 
|  44|0x00000006cc800000, 0x00000006cc800000, 0x00000006ccc00000|  0%| F|  |TAMS 0x00000006cc800000, 0x00000006cc800000| Untracked 
|  45|0x00000006ccc00000, 0x00000006ccc00000, 0x00000006cd000000|  0%| F|  |TAMS 0x00000006ccc00000, 0x00000006ccc00000| Untracked 
|  46|0x00000006cd000000, 0x00000006cd000000, 0x00000006cd400000|  0%| F|  |TAMS 0x00000006cd000000, 0x00000006cd000000| Untracked 
|  47|0x00000006cd400000, 0x00000006cd400000, 0x00000006cd800000|  0%| F|  |TAMS 0x00000006cd400000, 0x00000006cd400000| Untracked 
|  48|0x00000006cd800000, 0x00000006cd800000, 0x00000006cdc00000|  0%| F|  |TAMS 0x00000006cd800000, 0x00000006cd800000| Untracked 
|  49|0x00000006cdc00000, 0x00000006cdc00000, 0x00000006ce000000|  0%| F|  |TAMS 0x00000006cdc00000, 0x00000006cdc00000| Untracked 
|  50|0x00000006ce000000, 0x00000006ce000000, 0x00000006ce400000|  0%| F|  |TAMS 0x00000006ce000000, 0x00000006ce000000| Untracked 
|  51|0x00000006ce400000, 0x00000006ce400000, 0x00000006ce800000|  0%| F|  |TAMS 0x00000006ce400000, 0x00000006ce400000| Untracked 
|  52|0x00000006ce800000, 0x00000006ce800000, 0x00000006cec00000|  0%| F|  |TAMS 0x00000006ce800000, 0x00000006ce800000| Untracked 
|  53|0x00000006cec00000, 0x00000006cec00000, 0x00000006cf000000|  0%| F|  |TAMS 0x00000006cec00000, 0x00000006cec00000| Untracked 
|  54|0x00000006cf000000, 0x00000006cf000000, 0x00000006cf400000|  0%| F|  |TAMS 0x00000006cf000000, 0x00000006cf000000| Untracked 
|  55|0x00000006cf400000, 0x00000006cf400000, 0x00000006cf800000|  0%| F|  |TAMS 0x00000006cf400000, 0x00000006cf400000| Untracked 
|  56|0x00000006cf800000, 0x00000006cf800000, 0x00000006cfc00000|  0%| F|  |TAMS 0x00000006cf800000, 0x00000006cf800000| Untracked 
|  57|0x00000006cfc00000, 0x00000006cfc00000, 0x00000006d0000000|  0%| F|  |TAMS 0x00000006cfc00000, 0x00000006cfc00000| Untracked 
|  58|0x00000006d0000000, 0x00000006d0000000, 0x00000006d0400000|  0%| F|  |TAMS 0x00000006d0000000, 0x00000006d0000000| Untracked 
|  59|0x00000006d0400000, 0x00000006d0400000, 0x00000006d0800000|  0%| F|  |TAMS 0x00000006d0400000, 0x00000006d0400000| Untracked 
|  60|0x00000006d0800000, 0x00000006d0800000, 0x00000006d0c00000|  0%| F|  |TAMS 0x00000006d0800000, 0x00000006d0800000| Untracked 
|  61|0x00000006d0c00000, 0x00000006d0c00000, 0x00000006d1000000|  0%| F|  |TAMS 0x00000006d0c00000, 0x00000006d0c00000| Untracked 
|  62|0x00000006d1000000, 0x00000006d1000000, 0x00000006d1400000|  0%| F|  |TAMS 0x00000006d1000000, 0x00000006d1000000| Untracked 
|  63|0x00000006d1400000, 0x00000006d1400000, 0x00000006d1800000|  0%| F|  |TAMS 0x00000006d1400000, 0x00000006d1400000| Untracked 
|  64|0x00000006d1800000, 0x00000006d1800000, 0x00000006d1c00000|  0%| F|  |TAMS 0x00000006d1800000, 0x00000006d1800000| Untracked 
|  65|0x00000006d1c00000, 0x00000006d1c00000, 0x00000006d2000000|  0%| F|  |TAMS 0x00000006d1c00000, 0x00000006d1c00000| Untracked 
|  66|0x00000006d2000000, 0x00000006d2000000, 0x00000006d2400000|  0%| F|  |TAMS 0x00000006d2000000, 0x00000006d2000000| Untracked 
|  67|0x00000006d2400000, 0x00000006d2400000, 0x00000006d2800000|  0%| F|  |TAMS 0x00000006d2400000, 0x00000006d2400000| Untracked 
|  68|0x00000006d2800000, 0x00000006d2800000, 0x00000006d2c00000|  0%| F|  |TAMS 0x00000006d2800000, 0x00000006d2800000| Untracked 
|  69|0x00000006d2c00000, 0x00000006d2c00000, 0x00000006d3000000|  0%| F|  |TAMS 0x00000006d2c00000, 0x00000006d2c00000| Untracked 
|  70|0x00000006d3000000, 0x00000006d3000000, 0x00000006d3400000|  0%| F|  |TAMS 0x00000006d3000000, 0x00000006d3000000| Untracked 
|  71|0x00000006d3400000, 0x00000006d3800000, 0x00000006d3800000|100%| S|CS|TAMS 0x00000006d3400000, 0x00000006d3400000| Complete 
|  72|0x00000006d3800000, 0x00000006d3800000, 0x00000006d3c00000|  0%| F|  |TAMS 0x00000006d3800000, 0x00000006d3800000| Untracked 
|  73|0x00000006d3c00000, 0x00000006d3c00000, 0x00000006d4000000|  0%| F|  |TAMS 0x00000006d3c00000, 0x00000006d3c00000| Untracked 
|  74|0x00000006d4000000, 0x00000006d4000000, 0x00000006d4400000|  0%| F|  |TAMS 0x00000006d4000000, 0x00000006d4000000| Untracked 
|  75|0x00000006d4400000, 0x00000006d4400000, 0x00000006d4800000|  0%| F|  |TAMS 0x00000006d4400000, 0x00000006d4400000| Untracked 
|  76|0x00000006d4800000, 0x00000006d4800000, 0x00000006d4c00000|  0%| F|  |TAMS 0x00000006d4800000, 0x00000006d4800000| Untracked 
|  77|0x00000006d4c00000, 0x00000006d4d85a38, 0x00000006d5000000| 38%| E|  |TAMS 0x00000006d4c00000, 0x00000006d4c00000| Complete 
|  78|0x00000006d5000000, 0x00000006d5400000, 0x00000006d5400000|100%| E|CS|TAMS 0x00000006d5000000, 0x00000006d5000000| Complete 
|  79|0x00000006d5400000, 0x00000006d5800000, 0x00000006d5800000|100%| E|CS|TAMS 0x00000006d5400000, 0x00000006d5400000| Complete 

Card table byte_map: [0x000001435d4b0000,0x000001435deb0000] _byte_map_base: 0x0000014359ea4000

Marking Bits (Prev, Next): (CMBitMap*) 0x00000143462c6990, (CMBitMap*) 0x00000143462c69d0
 Prev Bits: [0x000001435e8b0000, 0x0000014363850000)
 Next Bits: [0x0000014363850000, 0x00000143687f0000)

Polling page: 0x0000014344030000

Metaspace:

Usage:
  Non-class:     13.17 MB used.
      Class:      2.20 MB used.
       Both:     15.36 MB used.

Virtual space:
  Non-class space:       16.00 MB reserved,      13.31 MB ( 83%) committed,  2 nodes.
      Class space:        1.00 GB reserved,       2.31 MB ( <1%) committed,  1 nodes.
             Both:        1.02 GB reserved,      15.63 MB (  2%) committed. 

Chunk freelists:
   Non-Class:  2.02 MB
       Class:  1.65 MB
        Both:  3.67 MB

MaxMetaspaceSize: unlimited
CompressedClassSpaceSize: 1.00 GB
Initial GC threshold: 21.00 MB
Current GC threshold: 21.00 MB
CDS: on
MetaspaceReclaimPolicy: balanced
 - commit_granule_bytes: 65536.
 - commit_granule_words: 8192.
 - virtual_space_node_default_size: 1048576.
 - enlarge_chunks_in_place: 1.
 - new_chunks_are_fully_committed: 0.
 - uncommit_free_chunks: 1.
 - use_allocation_guard: 0.
 - handle_deallocations: 1.


Internal statistics:

num_allocs_failed_limit: 0.
num_arena_births: 234.
num_arena_deaths: 0.
num_vsnodes_births: 3.
num_vsnodes_deaths: 0.
num_space_committed: 250.
num_space_uncommitted: 0.
num_chunks_returned_to_freelist: 0.
num_chunks_taken_from_freelist: 737.
num_chunk_merges: 0.
num_chunk_splits: 506.
num_chunks_enlarged: 390.
num_purges: 0.
num_inconsistent_stats: 0.

CodeHeap 'non-profiled nmethods': size=120000Kb used=1213Kb max_used=1213Kb free=118786Kb
 bounds [0x0000014355580000, 0x00000143557f0000, 0x000001435cab0000]
CodeHeap 'profiled nmethods': size=120000Kb used=5630Kb max_used=5630Kb free=114369Kb
 bounds [0x000001434e050000, 0x000001434e5d0000, 0x0000014355580000]
CodeHeap 'non-nmethods': size=5760Kb used=1420Kb max_used=1486Kb free=4340Kb
 bounds [0x000001434dab0000, 0x000001434dd20000, 0x000001434e050000]
 total_blobs=3619 nmethods=2839 adapters=691
 compilation: enabled
              stopped_count=0, restarted_count=0
 full_count=0

Compilation events (20 events):
Event: 12.956 Thread 0x000001436ac9a350 2832       3       com.sun.javafx.collections.VetoableListDecorator$ModCountAccessorImpl::<init> (10 bytes)
Event: 12.956 Thread 0x000001436ac9a350 nmethod 2832 0x000001434e5cd210 code [0x000001434e5cd3a0, 0x000001434e5cd578]
Event: 12.965 Thread 0x000001436ac95db0 2833       4       java.util.AbstractList$Itr::hasNext (20 bytes)
Event: 12.966 Thread 0x000001436ac95db0 nmethod 2833 0x00000143556ad510 code [0x00000143556ad680, 0x00000143556ad738]
Event: 12.975 Thread 0x000001436ac9a350 2834       3       javafx.scene.Parent::computeViewOrderChildren (93 bytes)
Event: 12.976 Thread 0x000001436ac9a350 nmethod 2834 0x000001434e5cd690 code [0x000001434e5cd8e0, 0x000001434e5ce4b8]
Event: 13.006 Thread 0x000001436ac9a350 2835       3       com.sun.javafx.collections.VetoableListDecorator$VetoableIteratorDecorator::<init> (36 bytes)
Event: 13.006 Thread 0x000001436ac9a350 nmethod 2835 0x000001434e5ce810 code [0x000001434e5ce9c0, 0x000001434e5ced18]
Event: 13.024 Thread 0x000001436ac95db0 2836       4       java.util.ArrayList::clear (43 bytes)
Event: 13.026 Thread 0x000001436ac95db0 nmethod 2836 0x00000143556ad810 code [0x00000143556ad980, 0x00000143556adad8]
Event: 13.081 Thread 0x000001436ac95db0 2837       4       javafx.scene.Node::intersects (47 bytes)
Event: 13.088 Thread 0x000001436ac95db0 nmethod 2837 0x00000143556adb90 code [0x00000143556add60, 0x00000143556ae568]
Event: 13.134 Thread 0x000001436ac95db0 2838       4       com.sun.javafx.collections.VetoableListDecorator$VetoableIteratorDecorator::hasNext (14 bytes)
Event: 13.135 Thread 0x000001436ac95db0 nmethod 2838 0x00000143556aeb10 code [0x00000143556aeca0, 0x00000143556aedf8]
Event: 13.340 Thread 0x000001436ac95db0 2839       4       com.sun.javafx.collections.VetoableListDecorator$VetoableIteratorDecorator::next (31 bytes)
Event: 13.342 Thread 0x000001436ac95db0 nmethod 2839 0x00000143556aef90 code [0x00000143556af140, 0x00000143556af348]
Event: 14.352 Thread 0x000001436ac9a350 2840       3       java.util.concurrent.locks.ReentrantLock::lock (8 bytes)
Event: 14.353 Thread 0x000001436ac9a350 nmethod 2840 0x000001434e5cee90 code [0x000001434e5cf040, 0x000001434e5cf2f8]
Event: 14.353 Thread 0x000001436ac9a350 2841       3       java.util.concurrent.locks.ReentrantLock$Sync::lock (13 bytes)
Event: 14.353 Thread 0x000001436ac9a350 nmethod 2841 0x000001434e5cf410 code [0x000001434e5cf5c0, 0x000001434e5cf7f8]

GC Heap History (6 events):
Event: 0.918 GC heap before
{Heap before GC invocations=0 (full 0):
 garbage-first heap   total 327680K, used 16384K [0x00000006c1800000, 0x0000000800000000)
  region size 4096K, 4 young (16384K), 0 survivors (0K)
 Metaspace       used 3604K, committed 3840K, reserved 1056768K
  class space    used 384K, committed 512K, reserved 1048576K
}
Event: 0.923 GC heap after
{Heap after GC invocations=1 (full 0):
 garbage-first heap   total 327680K, used 1893K [0x00000006c1800000, 0x0000000800000000)
  region size 4096K, 1 young (4096K), 1 survivors (4096K)
 Metaspace       used 3604K, committed 3840K, reserved 1056768K
  class space    used 384K, committed 512K, reserved 1048576K
}
Event: 1.241 GC heap before
{Heap before GC invocations=1 (full 0):
 garbage-first heap   total 327680K, used 18277K [0x00000006c1800000, 0x0000000800000000)
  region size 4096K, 6 young (24576K), 1 survivors (4096K)
 Metaspace       used 9148K, committed 9344K, reserved 1064960K
  class space    used 1177K, committed 1280K, reserved 1048576K
}
Event: 1.246 GC heap after
{Heap after GC invocations=2 (full 0):
 garbage-first heap   total 327680K, used 5295K [0x00000006c1800000, 0x0000000800000000)
  region size 4096K, 1 young (4096K), 1 survivors (4096K)
 Metaspace       used 9148K, committed 9344K, reserved 1064960K
  class space    used 1177K, committed 1280K, reserved 1048576K
}
Event: 4.007 GC heap before
{Heap before GC invocations=2 (full 0):
 garbage-first heap   total 327680K, used 29871K [0x00000006c1800000, 0x0000000800000000)
  region size 4096K, 8 young (32768K), 1 survivors (4096K)
 Metaspace       used 15423K, committed 15680K, reserved 1064960K
  class space    used 2233K, committed 2368K, reserved 1048576K
}
Event: 4.013 GC heap after
{Heap after GC invocations=3 (full 0):
 garbage-first heap   total 327680K, used 9708K [0x00000006c1800000, 0x0000000800000000)
  region size 4096K, 1 young (4096K), 1 survivors (4096K)
 Metaspace       used 15423K, committed 15680K, reserved 1064960K
  class space    used 2233K, committed 2368K, reserved 1048576K
}

Deoptimization events (20 events):
Event: 9.815 Thread 0x000001436c675e70 Uncommon trap: trap_request=0xffffffd6 fr.pc=0x0000014355679f10 relative=0x0000000000000250
Event: 9.815 Thread 0x000001436c675e70 Uncommon trap: reason=array_check action=maybe_recompile pc=0x0000014355679f10 method=javafx.css.SimpleSelector.applies(Ljavafx/css/Styleable;[Ljava/util/Set;I)Z @ 37 c2
Event: 9.815 Thread 0x000001436c675e70 DEOPT PACKING pc=0x0000014355679f10 sp=0x000000251fff6b50
Event: 9.815 Thread 0x000001436c675e70 DEOPT UNPACKING pc=0x000001434db023a3 sp=0x000000251fff6af8 mode 2
Event: 9.815 Thread 0x000001436c675e70 Uncommon trap: trap_request=0xffffffd6 fr.pc=0x0000014355679f10 relative=0x0000000000000250
Event: 9.815 Thread 0x000001436c675e70 Uncommon trap: reason=array_check action=maybe_recompile pc=0x0000014355679f10 method=javafx.css.SimpleSelector.applies(Ljavafx/css/Styleable;[Ljava/util/Set;I)Z @ 37 c2
Event: 9.815 Thread 0x000001436c675e70 DEOPT PACKING pc=0x0000014355679f10 sp=0x000000251fff6c50
Event: 9.815 Thread 0x000001436c675e70 DEOPT UNPACKING pc=0x000001434db023a3 sp=0x000000251fff6bf8 mode 2
Event: 9.841 Thread 0x000001436c675e70 Uncommon trap: trap_request=0xffffff45 fr.pc=0x0000014355628bf8 relative=0x0000000000000c18
Event: 9.841 Thread 0x000001436c675e70 Uncommon trap: reason=unstable_if action=reinterpret pc=0x0000014355628bf8 method=java.util.WeakHashMap.expungeStaleEntries()V @ 66 c2
Event: 9.841 Thread 0x000001436c675e70 DEOPT PACKING pc=0x0000014355628bf8 sp=0x000000251fff6160
Event: 9.841 Thread 0x000001436c675e70 DEOPT UNPACKING pc=0x000001434db023a3 sp=0x000000251fff60e0 mode 2
Event: 12.866 Thread 0x000001436c675e70 Uncommon trap: trap_request=0xffffff45 fr.pc=0x000001435568811c relative=0x000000000000091c
Event: 12.866 Thread 0x000001436c675e70 Uncommon trap: reason=unstable_if action=reinterpret pc=0x000001435568811c method=javafx.scene.Parent.getOrderedChildren()Ljava/util/List; @ 7 c2
Event: 12.866 Thread 0x000001436c675e70 DEOPT PACKING pc=0x000001435568811c sp=0x000000251fff5fd0
Event: 12.866 Thread 0x000001436c675e70 DEOPT UNPACKING pc=0x000001434db023a3 sp=0x000000251fff5d20 mode 2
Event: 12.939 Thread 0x000001436c675e70 Uncommon trap: trap_request=0xffffff45 fr.pc=0x000001435566a088 relative=0x0000000000000648
Event: 12.939 Thread 0x000001436c675e70 Uncommon trap: reason=unstable_if action=reinterpret pc=0x000001435566a088 method=javafx.scene.Node.intersectsBounds(Lcom/sun/javafx/geom/PickRay;)D @ 814 c2
Event: 12.939 Thread 0x000001436c675e70 DEOPT PACKING pc=0x000001435566a088 sp=0x000000251fff5920
Event: 12.939 Thread 0x000001436c675e70 DEOPT UNPACKING pc=0x000001434db023a3 sp=0x000000251fff57e8 mode 2

Classes unloaded (0 events):
No events

Classes redefined (0 events):
No events

Internal exceptions (20 events):
Event: 1.234 Thread 0x000001436c675e70 Exception <a 'java/lang/NoSuchMethodError'{0x00000006d43d2e08}: 'void java.lang.invoke.DirectMethodHandle$Holder.invokeSpecial(java.lang.Object, java.lang.Object, java.lang.Object, java.lang.Object, java.lang.Object)'> (0x00000006d43d2e08) 
thrown [t:\workspace\open\src\hotspot\share\interpreter\linkResolver.cpp, line 766]
Event: 1.254 Thread 0x000001436c675e70 Exception <a 'sun/nio/fs/WindowsException'{0x00000006d5473c38}> (0x00000006d5473c38) 
thrown [t:\workspace\open\src\hotspot\share\prims\jni.cpp, line 516]
Event: 1.261 Thread 0x000001436c675e70 Implicit null exception at 0x000001435559a980 to 0x000001435559abb0
Event: 1.316 Thread 0x000001436c675e70 Implicit null exception at 0x00000143555e53ae to 0x00000143555e5d2c
Event: 1.316 Thread 0x000001436c675e70 Implicit null exception at 0x00000143555ab8af to 0x00000143555abc31
Event: 1.419 Thread 0x000001436c675e70 Exception <a 'java/lang/NoSuchMethodError'{0x00000006d5297da8}: 'java.lang.Object java.lang.invoke.DirectMethodHandle$Holder.invokeInterface(java.lang.Object, java.lang.Object, java.lang.Object)'> (0x00000006d5297da8) 
thrown [t:\workspace\open\src\hotspot\share\interpreter\linkResolver.cpp, line 766]
Event: 1.419 Thread 0x000001436c675e70 Exception <a 'java/lang/IncompatibleClassChangeError'{0x00000006d529b730}: Found class java.lang.Object, but interface was expected> (0x00000006d529b730) 
thrown [t:\workspace\open\src\hotspot\share\interpreter\linkResolver.cpp, line 833]
Event: 1.458 Thread 0x000001436c675e70 Exception <a 'java/lang/NoSuchMethodError'{0x00000006d4c19120}: 'java.lang.Object java.lang.invoke.DirectMethodHandle$Holder.newInvokeSpecial(java.lang.Object, java.lang.Object, int)'> (0x00000006d4c19120) 
thrown [t:\workspace\open\src\hotspot\share\interpreter\linkResolver.cpp, line 766]
Event: 1.474 Thread 0x000001436c4f84e0 Exception <a 'java/lang/NoSuchMethodError'{0x00000006d4ce22f8}: 'int java.lang.invoke.DirectMethodHandle$Holder.invokeStaticInit(java.lang.Object, java.lang.Object)'> (0x00000006d4ce22f8) 
thrown [t:\workspace\open\src\hotspot\share\interpreter\linkResolver.cpp, line 766]
Event: 2.462 Thread 0x000001436c675e70 Exception <a 'java/lang/NoSuchMethodError'{0x00000006d49e8b98}: 'long java.lang.invoke.DirectMethodHandle$Holder.invokeStatic(java.lang.Object, java.lang.Object, java.lang.Object)'> (0x00000006d49e8b98) 
thrown [t:\workspace\open\src\hotspot\share\interpreter\linkResolver.cpp, line 766]
Event: 2.462 Thread 0x000001436c675e70 Exception <a 'java/lang/NoSuchMethodError'{0x00000006d49ec340}: 'long java.lang.invoke.DirectMethodHandle$Holder.invokeStaticInit(java.lang.Object, java.lang.Object, java.lang.Object)'> (0x00000006d49ec340) 
thrown [t:\workspace\open\src\hotspot\share\interpreter\linkResolver.cpp, line 766]
Event: 2.464 Thread 0x000001436c675e70 Exception <a 'java/lang/NoSuchMethodError'{0x00000006d4a07218}: 'java.lang.Object java.lang.invoke.DirectMethodHandle$Holder.newInvokeSpecial(java.lang.Object, java.lang.Object, long)'> (0x00000006d4a07218) 
thrown [t:\workspace\open\src\hotspot\share\interpreter\linkResolver.cpp, line 766]
Event: 2.465 Thread 0x000001436c675e70 Exception <a 'java/lang/NoSuchMethodError'{0x00000006d4a0ad88}: 'java.lang.Object java.lang.invoke.Invokers$Holder.linkToTargetMethod(java.lang.Object, long, java.lang.Object)'> (0x00000006d4a0ad88) 
thrown [t:\workspace\open\src\hotspot\share\interpreter\linkResolver.cpp, line 766]
Event: 2.669 Thread 0x000001436c675e70 Exception <a 'java/lang/ClassNotFoundException'{0x00000006d454c3f0}: com/sun/javafx/scene/control/skin/resources/controls> (0x00000006d454c3f0) 
thrown [t:\workspace\open\src\hotspot\share\prims\jni.cpp, line 535]
Event: 2.671 Thread 0x000001436c675e70 Exception <a 'java/lang/ClassNotFoundException'{0x00000006d455a8c0}: com/sun/javafx/scene/control/skin/resources/controls_ru> (0x00000006d455a8c0) 
thrown [t:\workspace\open\src\hotspot\share\prims\jni.cpp, line 535]
Event: 2.671 Thread 0x000001436c675e70 Exception <a 'java/lang/ClassNotFoundException'{0x00000006d455bb38}: com/sun/javafx/scene/control/skin/resources/controls_ru_RU> (0x00000006d455bb38) 
thrown [t:\workspace\open\src\hotspot\share\prims\jni.cpp, line 535]
Event: 2.705 Thread 0x000001436c675e70 Exception <a 'java/lang/NoSuchMethodError'{0x00000006d46d8ce0}: 'void java.lang.invoke.DirectMethodHandle$Holder.invokeSpecial(java.lang.Object, java.lang.Object, java.lang.Object, java.lang.Object, java.lang.Object, java.lang.Object)'> (0x00000006d46d8ce0) 
thrown [t:\workspace\open\src\hotspot\share\interpreter\linkResolver.cpp, line 766]
Event: 7.097 Thread 0x000001436c675e70 Exception <a 'java/lang/NoSuchMethodError'{0x00000006d55d7890}: 'java.lang.Object java.lang.invoke.DirectMethodHandle$Holder.newInvokeSpecial(java.lang.Object, java.lang.Object, int, int, int, int, int, java.lang.Object)'> (0x00000006d55d7890) 
thrown [t:\workspace\open\src\hotspot\share\interpreter\linkResolver.cpp, line 766]
Event: 7.098 Thread 0x000001436c675e70 Exception <a 'java/lang/NoSuchMethodError'{0x00000006d55eb068}: 'java.lang.Object java.lang.invoke.DirectMethodHandle$Holder.newInvokeSpecial(java.lang.Object, java.lang.Object, java.lang.Object, int, int, int, int, int)'> (0x00000006d55eb068) 
thrown [t:\workspace\open\src\hotspot\share\interpreter\linkResolver.cpp, line 766]
Event: 7.099 Thread 0x000001436c675e70 Exception <a 'java/lang/NoSuchMethodError'{0x00000006d55f30c0}: 'java.lang.Object java.lang.invoke.Invokers$Holder.linkToTargetMethod(java.lang.Object, java.lang.Object, int, int, int, int, int, java.lang.Object)'> (0x00000006d55f30c0) 
thrown [t:\workspace\open\src\hotspot\share\interpreter\linkResolver.cpp, line 766]

VM Operations (20 events):
Event: 2.816 Executing VM operation: HandshakeAllThreads done
Event: 3.816 Executing VM operation: Cleanup
Event: 3.816 Executing VM operation: Cleanup done
Event: 4.007 Executing VM operation: G1CollectForAllocation
Event: 4.013 Executing VM operation: G1CollectForAllocation done
Event: 5.013 Executing VM operation: Cleanup
Event: 5.013 Executing VM operation: Cleanup done
Event: 6.014 Executing VM operation: Cleanup
Event: 6.014 Executing VM operation: Cleanup done
Event: 7.014 Executing VM operation: Cleanup
Event: 7.014 Executing VM operation: Cleanup done
Event: 8.014 Executing VM operation: Cleanup
Event: 8.015 Executing VM operation: Cleanup done
Event: 10.015 Executing VM operation: Cleanup
Event: 10.015 Executing VM operation: Cleanup done
Event: 13.017 Executing VM operation: Cleanup
Event: 13.017 Executing VM operation: Cleanup done
Event: 14.017 Executing VM operation: Cleanup
Event: 14.017 Executing VM operation: Cleanup done
Event: 14.353 Executing VM operation: Exit

Events (20 events):
Event: 1.969 Thread 0x000001436cf7ccd0 Thread exited: 0x000001436cf7ccd0
Event: 2.443 loading class java/io/UnsupportedEncodingException
Event: 2.443 loading class java/io/UnsupportedEncodingException done
Event: 2.736 loading class java/lang/FdLibm$Hypot
Event: 2.736 loading class java/lang/FdLibm$Hypot done
Event: 2.736 loading class java/lang/FdLibm
Event: 2.736 loading class java/lang/FdLibm done
Event: 2.797 Thread 0x000001436d312f70 Thread added: 0x000001436d312f70
Event: 2.984 loading class jdk/internal/misc/ScopedMemoryAccess$Scope
Event: 2.984 loading class jdk/internal/misc/ScopedMemoryAccess$Scope done
Event: 3.167 Thread 0x000001436d312f70 Thread exited: 0x000001436d312f70
Event: 9.847 Thread 0x0000014300208d50 Thread added: 0x0000014300208d50
Event: 12.866 Thread 0x0000014300208d50 Thread exited: 0x0000014300208d50
Event: 14.351 loading class jdk/internal/misc/Signal$1
Event: 14.351 loading class jdk/internal/misc/Signal$1 done
Event: 14.351 Thread 0x000001436cc58e40 Thread added: 0x000001436cc58e40
Event: 14.351 Thread 0x000001436cc584a0 Thread added: 0x000001436cc584a0
Event: 14.351 Thread 0x000001436cc597e0 Thread added: 0x000001436cc597e0
Event: 14.352 Thread 0x000001436cc584a0 Thread exited: 0x000001436cc584a0
Event: 14.353 Thread 0x000001436cc597e0 Thread exited: 0x000001436cc597e0


Dynamic libraries:
0x00007ff6df410000 - 0x00007ff6df41e000 	C:\Users\Андрей\.jdks\openjdk-17.0.2\bin\java.exe
0x00007ffda9130000 - 0x00007ffda931d000 	C:\Windows\SYSTEM32\ntdll.dll
0x00007ffda8020000 - 0x00007ffda80d3000 	C:\Windows\System32\KERNEL32.DLL
0x00007ffda5c50000 - 0x00007ffda5ee3000 	C:\Windows\System32\KERNELBASE.dll
0x00007ffda61b0000 - 0x00007ffda62aa000 	C:\Windows\System32\ucrtbase.dll
0x00007ffd9c1d0000 - 0x00007ffd9c1e8000 	C:\Users\Андрей\.jdks\openjdk-17.0.2\bin\jli.dll
0x00007ffd9c1b0000 - 0x00007ffd9c1ca000 	C:\Users\Андрей\.jdks\openjdk-17.0.2\bin\VCRUNTIME140.dll
0x00007ffda8530000 - 0x00007ffda86c7000 	C:\Windows\System32\USER32.dll
0x00007ffda5ff0000 - 0x00007ffda6010000 	C:\Windows\System32\win32u.dll
0x00007ffd99610000 - 0x00007ffd99889000 	C:\Windows\WinSxS\amd64_microsoft.windows.common-controls_6595b64144ccf1df_6.0.17763.1039_none_de701650534c7021\COMCTL32.dll
0x00007ffda89e0000 - 0x00007ffda8a09000 	C:\Windows\System32\GDI32.dll
0x00007ffda7f80000 - 0x00007ffda801e000 	C:\Windows\System32\msvcrt.dll
0x00007ffda6010000 - 0x00007ffda61a9000 	C:\Windows\System32\gdi32full.dll
0x00007ffda62b0000 - 0x00007ffda6350000 	C:\Windows\System32\msvcp_win.dll
0x00007ffda6400000 - 0x00007ffda672c000 	C:\Windows\System32\combase.dll
0x00007ffda8740000 - 0x00007ffda8862000 	C:\Windows\System32\RPCRT4.dll
0x00007ffda5f70000 - 0x00007ffda5fee000 	C:\Windows\System32\bcryptPrimitives.dll
0x00007ffda8a10000 - 0x00007ffda8a3e000 	C:\Windows\System32\IMM32.DLL
0x00007ffda0150000 - 0x00007ffda015c000 	C:\Users\Андрей\.jdks\openjdk-17.0.2\bin\vcruntime140_1.dll
0x00007ffd4a5f0000 - 0x00007ffd4a67d000 	C:\Users\Андрей\.jdks\openjdk-17.0.2\bin\msvcp140.dll
0x00007ffd035e0000 - 0x00007ffd041a1000 	C:\Users\Андрей\.jdks\openjdk-17.0.2\bin\server\jvm.dll
0x00007ffda6350000 - 0x00007ffda63f3000 	C:\Windows\System32\ADVAPI32.dll
0x00007ffda82f0000 - 0x00007ffda838e000 	C:\Windows\System32\sechost.dll
0x00007ffda8730000 - 0x00007ffda8738000 	C:\Windows\System32\PSAPI.DLL
0x00007ffd99d30000 - 0x00007ffd99d39000 	C:\Windows\SYSTEM32\WSOCK32.dll
0x00007ffda84c0000 - 0x00007ffda852d000 	C:\Windows\System32\WS2_32.dll
0x00007ffd9ca60000 - 0x00007ffd9ca84000 	C:\Windows\SYSTEM32\WINMM.dll
0x00007ffda0460000 - 0x00007ffda046a000 	C:\Windows\SYSTEM32\VERSION.dll
0x00007ffd9ca30000 - 0x00007ffd9ca5d000 	C:\Windows\SYSTEM32\WINMMBASE.dll
0x00007ffda5ef0000 - 0x00007ffda5f3a000 	C:\Windows\System32\cfgmgr32.dll
0x00007ffda5140000 - 0x00007ffda5151000 	C:\Windows\System32\kernel.appcore.dll
0x00007ffd9d790000 - 0x00007ffd9d79a000 	C:\Users\Андрей\.jdks\openjdk-17.0.2\bin\jimage.dll
0x00007ffd934b0000 - 0x00007ffd9369d000 	C:\Windows\SYSTEM32\DBGHELP.DLL
0x00007ffd69fd0000 - 0x00007ffd69ffa000 	C:\Windows\SYSTEM32\dbgcore.DLL
0x00007ffd9c300000 - 0x00007ffd9c30e000 	C:\Users\Андрей\.jdks\openjdk-17.0.2\bin\instrument.dll
0x00007ffd69f20000 - 0x00007ffd69f45000 	C:\Users\Андрей\.jdks\openjdk-17.0.2\bin\java.dll
0x00007ffd32130000 - 0x00007ffd32206000 	C:\Users\Андрей\.jdks\openjdk-17.0.2\bin\jsvml.dll
0x00007ffda6a80000 - 0x00007ffda7f74000 	C:\Windows\System32\SHELL32.dll
0x00007ffda8f40000 - 0x00007ffda8fe8000 	C:\Windows\System32\shcore.dll
0x00007ffda5300000 - 0x00007ffda5a4d000 	C:\Windows\System32\windows.storage.dll
0x00007ffda5160000 - 0x00007ffda5184000 	C:\Windows\System32\profapi.dll
0x00007ffda5190000 - 0x00007ffda51ed000 	C:\Windows\System32\powrprof.dll
0x00007ffda8ff0000 - 0x00007ffda9042000 	C:\Windows\System32\shlwapi.dll
0x00007ffda5c30000 - 0x00007ffda5c47000 	C:\Windows\System32\cryptsp.dll
0x00007ffd5e810000 - 0x00007ffd5e829000 	C:\Users\Андрей\.jdks\openjdk-17.0.2\bin\net.dll
0x00007ffd9bf60000 - 0x00007ffd9c052000 	C:\Windows\SYSTEM32\WINHTTP.dll
0x00007ffda4990000 - 0x00007ffda49f7000 	C:\Windows\system32\mswsock.dll
0x00007ffd5d1c0000 - 0x00007ffd5d1d6000 	C:\Users\Андрей\.jdks\openjdk-17.0.2\bin\nio.dll
0x00007ffd5c6f0000 - 0x00007ffd5c708000 	C:\Users\Андрей\.jdks\openjdk-17.0.2\bin\zip.dll
0x00007ffd524c0000 - 0x00007ffd524da000 	D:\IntelliJ IDEA 2021.3.1\bin\breakgen64.dll
0x0000014344280000 - 0x0000014344283000 	C:\Users\Андрей\.openjfx\cache\17.0.1\api-ms-win-core-console-l1-1-0.dll
0x0000014346180000 - 0x0000014346183000 	C:\Users\Андрей\.openjfx\cache\17.0.1\api-ms-win-core-console-l1-2-0.dll
0x0000014346190000 - 0x0000014346193000 	C:\Users\Андрей\.openjfx\cache\17.0.1\api-ms-win-core-datetime-l1-1-0.dll
0x00000143461a0000 - 0x00000143461a3000 	C:\Users\Андрей\.openjfx\cache\17.0.1\api-ms-win-core-debug-l1-1-0.dll
0x00000143461b0000 - 0x00000143461b3000 	C:\Users\Андрей\.openjfx\cache\17.0.1\api-ms-win-core-errorhandling-l1-1-0.dll
0x00000143461c0000 - 0x00000143461c4000 	C:\Users\Андрей\.openjfx\cache\17.0.1\api-ms-win-core-file-l1-1-0.dll
0x00000143461d0000 - 0x00000143461d3000 	C:\Users\Андрей\.openjfx\cache\17.0.1\api-ms-win-core-file-l1-2-0.dll
0x00000143461e0000 - 0x00000143461e3000 	C:\Users\Андрей\.openjfx\cache\17.0.1\api-ms-win-core-file-l2-1-0.dll
0x00000143461f0000 - 0x00000143461f3000 	C:\Users\Андрей\.openjfx\cache\17.0.1\api-ms-win-core-handle-l1-1-0.dll
0x0000014346200000 - 0x0000014346203000 	C:\Users\Андрей\.openjfx\cache\17.0.1\api-ms-win-core-heap-l1-1-0.dll
0x0000014346210000 - 0x0000014346213000 	C:\Users\Андрей\.openjfx\cache\17.0.1\api-ms-win-core-interlocked-l1-1-0.dll
0x0000014346220000 - 0x0000014346223000 	C:\Users\Андрей\.openjfx\cache\17.0.1\api-ms-win-core-libraryloader-l1-1-0.dll
0x0000014346230000 - 0x0000014346233000 	C:\Users\Андрей\.openjfx\cache\17.0.1\api-ms-win-core-localization-l1-2-0.dll
0x000001436af30000 - 0x000001436af33000 	C:\Users\Андрей\.openjfx\cache\17.0.1\api-ms-win-core-memory-l1-1-0.dll
0x000001436ae20000 - 0x000001436ae23000 	C:\Users\Андрей\.openjfx\cache\17.0.1\api-ms-win-core-namedpipe-l1-1-0.dll
0x000001436ae30000 - 0x000001436ae33000 	C:\Users\Андрей\.openjfx\cache\17.0.1\api-ms-win-core-processenvironment-l1-1-0.dll
0x000001436ae40000 - 0x000001436ae43000 	C:\Users\Андрей\.openjfx\cache\17.0.1\api-ms-win-core-processthreads-l1-1-0.dll
0x000001436ae50000 - 0x000001436ae53000 	C:\Users\Андрей\.openjfx\cache\17.0.1\api-ms-win-core-processthreads-l1-1-1.dll
0x000001436ae60000 - 0x000001436ae63000 	C:\Users\Андрей\.openjfx\cache\17.0.1\api-ms-win-core-profile-l1-1-0.dll
0x000001436ae70000 - 0x000001436ae73000 	C:\Users\Андрей\.openjfx\cache\17.0.1\api-ms-win-core-rtlsupport-l1-1-0.dll
0x000001436ae80000 - 0x000001436ae83000 	C:\Users\Андрей\.openjfx\cache\17.0.1\api-ms-win-core-string-l1-1-0.dll
0x000001436ae90000 - 0x000001436ae93000 	C:\Users\Андрей\.openjfx\cache\17.0.1\api-ms-win-core-synch-l1-1-0.dll
0x000001436aea0000 - 0x000001436aea3000 	C:\Users\Андрей\.openjfx\cache\17.0.1\api-ms-win-core-synch-l1-2-0.dll
0x000001436aeb0000 - 0x000001436aeb3000 	C:\Users\Андрей\.openjfx\cache\17.0.1\api-ms-win-core-sysinfo-l1-1-0.dll
0x000001436aec0000 - 0x000001436aec3000 	C:\Users\Андрей\.openjfx\cache\17.0.1\api-ms-win-core-timezone-l1-1-0.dll
0x000001436aed0000 - 0x000001436aed3000 	C:\Users\Андрей\.openjfx\cache\17.0.1\api-ms-win-core-util-l1-1-0.dll
0x000001436aee0000 - 0x000001436aee3000 	C:\Users\Андрей\.openjfx\cache\17.0.1\api-ms-win-crt-conio-l1-1-0.dll
0x000001436aef0000 - 0x000001436aef4000 	C:\Users\Андрей\.openjfx\cache\17.0.1\api-ms-win-crt-convert-l1-1-0.dll
0x000001436af00000 - 0x000001436af03000 	C:\Users\Андрей\.openjfx\cache\17.0.1\api-ms-win-crt-environment-l1-1-0.dll
0x000001436af10000 - 0x000001436af13000 	C:\Users\Андрей\.openjfx\cache\17.0.1\api-ms-win-crt-filesystem-l1-1-0.dll
0x000001436af20000 - 0x000001436af23000 	C:\Users\Андрей\.openjfx\cache\17.0.1\api-ms-win-crt-heap-l1-1-0.dll
0x000001436af40000 - 0x000001436af43000 	C:\Users\Андрей\.openjfx\cache\17.0.1\api-ms-win-crt-locale-l1-1-0.dll
0x000001436af50000 - 0x000001436af55000 	C:\Users\Андрей\.openjfx\cache\17.0.1\api-ms-win-crt-math-l1-1-0.dll
0x000001436af60000 - 0x000001436af65000 	C:\Users\Андрей\.openjfx\cache\17.0.1\api-ms-win-crt-multibyte-l1-1-0.dll
0x000001436af70000 - 0x000001436af80000 	C:\Users\Андрей\.openjfx\cache\17.0.1\api-ms-win-crt-private-l1-1-0.dll
0x000001436af80000 - 0x000001436af83000 	C:\Users\Андрей\.openjfx\cache\17.0.1\api-ms-win-crt-process-l1-1-0.dll
0x000001436af90000 - 0x000001436af94000 	C:\Users\Андрей\.openjfx\cache\17.0.1\api-ms-win-crt-runtime-l1-1-0.dll
0x000001436afa0000 - 0x000001436afa4000 	C:\Users\Андрей\.openjfx\cache\17.0.1\api-ms-win-crt-stdio-l1-1-0.dll
0x000001436afb0000 - 0x000001436afb4000 	C:\Users\Андрей\.openjfx\cache\17.0.1\api-ms-win-crt-string-l1-1-0.dll
0x000001436afc0000 - 0x000001436afc3000 	C:\Users\Андрей\.openjfx\cache\17.0.1\api-ms-win-crt-time-l1-1-0.dll
0x000001436afd0000 - 0x000001436afd3000 	C:\Users\Андрей\.openjfx\cache\17.0.1\api-ms-win-crt-utility-l1-1-0.dll
0x00007ffd30650000 - 0x00007ffd3074c000 	C:\Users\Андрей\.openjfx\cache\17.0.1\ucrtbase.dll
0x00007ffd4fdd0000 - 0x00007ffd4fdea000 	C:\Users\Андрей\.openjfx\cache\17.0.1\vcruntime140.dll
0x00007ffd69fc0000 - 0x00007ffd69fcc000 	C:\Users\Андрей\.openjfx\cache\17.0.1\vcruntime140_1.dll
0x00007ffd42810000 - 0x00007ffd4289d000 	C:\Users\Андрей\.openjfx\cache\17.0.1\msvcp140.dll
0x00007ffd4fda0000 - 0x00007ffd4fdca000 	C:\Users\Андрей\.openjfx\cache\17.0.1\prism_d3d.dll
0x00007ffd886d0000 - 0x00007ffd8886e000 	C:\Windows\system32\d3d9.dll
0x00007ffda3ae0000 - 0x00007ffda3b0e000 	C:\Windows\SYSTEM32\dwmapi.dll
0x00007ffda5a50000 - 0x00007ffda5c2c000 	C:\Windows\System32\CRYPT32.dll
0x00007ffda5120000 - 0x00007ffda5132000 	C:\Windows\System32\MSASN1.dll
0x00007ffda36b0000 - 0x00007ffda374c000 	C:\Windows\system32\uxtheme.dll
0x00007ffda5f40000 - 0x00007ffda5f66000 	C:\Windows\System32\bcrypt.dll
0x00007ffda0430000 - 0x00007ffda045f000 	C:\Windows\SYSTEM32\cryptnet.dll
0x00007ffda51f0000 - 0x00007ffda5249000 	C:\Windows\System32\WINTRUST.dll
0x00007ffda4b60000 - 0x00007ffda4b6c000 	C:\Windows\SYSTEM32\cryptbase.dll
0x00007ffda6a60000 - 0x00007ffda6a7d000 	C:\Windows\System32\imagehlp.dll
0x00007ffda4510000 - 0x00007ffda4543000 	C:\Windows\system32\rsaenh.dll
0x00007ffd4f3c0000 - 0x00007ffd4f402000 	C:\Users\Андрей\.openjfx\cache\17.0.1\glass.dll
0x00007ffda8390000 - 0x00007ffda84b7000 	C:\Windows\System32\COMDLG32.dll
0x00007ffda6900000 - 0x00007ffda6a55000 	C:\Windows\System32\ole32.dll
0x00007ffda8880000 - 0x00007ffda8944000 	C:\Windows\System32\OLEAUT32.dll
0x00007ffda6790000 - 0x00007ffda68fc000 	C:\Windows\System32\MSCTF.dll
0x00007ffd74860000 - 0x00007ffd74966000 	C:\Windows\System32\DriverStore\FileRepository\nvlti.inf_amd64_c6fc6328fcbac4e0\nvldumdx.dll
0x00007ffd9e240000 - 0x00007ffd9e36c000 	C:\Windows\SYSTEM32\drvstore.dll
0x00007ffda4f30000 - 0x00007ffda4f59000 	C:\Windows\SYSTEM32\devobj.dll
0x00007ffda4bf0000 - 0x00007ffda4c15000 	C:\Windows\SYSTEM32\wldp.dll
0x00007ffd01170000 - 0x00007ffd02a20000 	C:\Windows\System32\DriverStore\FileRepository\nvlti.inf_amd64_c6fc6328fcbac4e0\nvd3dumx.dll
0x00007ffd66880000 - 0x00007ffd66b47000 	C:\Windows\system32\nvspcap64.dll
0x00007ffda4170000 - 0x00007ffda41a1000 	C:\Windows\SYSTEM32\ntmarta.dll
0x00007ffda3d90000 - 0x00007ffda3db2000 	C:\Windows\SYSTEM32\gpapi.dll
0x00007ffcfd910000 - 0x00007ffd01169000 	C:\Windows\System32\DriverStore\FileRepository\igdlh64.inf_amd64_cac487d7a695d2e9\igdumdim64.dll
0x00007ffda8a40000 - 0x00007ffda8eb6000 	C:\Windows\System32\SETUPAPI.dll
0x00007ffd88870000 - 0x00007ffd89e72000 	C:\Windows\System32\DriverStore\FileRepository\igdlh64.inf_amd64_cac487d7a695d2e9\igc64.dll
0x00007ffd4f3a0000 - 0x00007ffd4f3b4000 	C:\Users\Андрей\.openjfx\cache\17.0.1\javafx_font.dll
0x00007ffd85bf0000 - 0x00007ffd85eec000 	C:\Windows\SYSTEM32\dwrite.dll
0x00007ffda9050000 - 0x00007ffda90f2000 	C:\Windows\System32\clbcatq.dll
0x00007ffd916b0000 - 0x00007ffd91868000 	C:\Windows\SYSTEM32\WindowsCodecs.dll
0x00007ffd7ea00000 - 0x00007ffd7ea56000 	C:\Windows\system32\dataexchange.dll

dbghelp: loaded successfully - version: 4.0.5 - missing functions: none
symbol engine: initialized successfully - sym options: 0x614 - pdb path: .;C:\Users\Андрей\.jdks\openjdk-17.0.2\bin;C:\Windows\SYSTEM32;C:\Windows\WinSxS\amd64_microsoft.windows.common-controls_6595b64144ccf1df_6.0.17763.1039_none_de701650534c7021;C:\Users\Андрей\.jdks\openjdk-17.0.2\bin\server;D:\IntelliJ IDEA 2021.3.1\bin;C:\Users\Андрей\.openjfx\cache\17.0.1;C:\Windows\System32\DriverStore\FileRepository\nvlti.inf_amd64_c6fc6328fcbac4e0;C:\Windows\System32\DriverStore\FileRepository\igdlh64.inf_amd64_cac487d7a695d2e9;C:\Program Files\Common Files\Microsoft Shared\Ink

VM Arguments:
jvm_args: -javaagent:D:\IntelliJ IDEA 2021.3.1\lib\idea_rt.jar=54157:D:\IntelliJ IDEA 2021.3.1\bin -Dfile.encoding=UTF-8 --module-path=C:\Users\Андрей\.m2\repository\org\openjfx\javafx-graphics\17.0.1\javafx-graphics-17.0.1-win.jar;C:\Users\Андрей\.m2\repository\org\openjfx\javafx-controls\17.0.1\javafx-controls-17.0.1-win.jar;C:\Users\Андрей\Desktop\Univers\jawa\New cursework\target\classes;C:\Users\Андрей\.m2\repository\org\openjfx\javafx-fxml\17.0.1\javafx-fxml-17.0.1-win.jar;C:\Users\Андрей\.m2\repository\org\openjfx\javafx-base\17.0.1\javafx-base-17.0.1-win.jar -Djdk.module.main=com.java.app.cursework 
java_command: com.java.app.cursework/com.java.app.cursework.Application
java_class_path (initial): C:\Users\Андрей\.m2\repository\org\openjfx\javafx-controls\17.0.1\javafx-controls-17.0.1.jar;C:\Users\Андрей\.m2\repository\org\openjfx\javafx-graphics\17.0.1\javafx-graphics-17.0.1.jar;C:\Users\Андрей\.m2\repository\org\openjfx\javafx-base\17.0.1\javafx-base-17.0.1.jar;C:\Users\Андрей\.m2\repository\org\openjfx\javafx-fxml\17.0.1\javafx-fxml-17.0.1.jar
Launcher Type: SUN_STANDARD

[Global flags]
     intx CICompilerCount                          = 3                                         {product} {ergonomic}
     uint ConcGCThreads                            = 1                                         {product} {ergonomic}
     uint G1ConcRefinementThreads                  = 4                                         {product} {ergonomic}
   size_t G1HeapRegionSize                         = 4194304                                   {product} {ergonomic}
    uintx GCDrainStackTargetSize                   = 64                                        {product} {ergonomic}
   size_t InitialHeapSize                          = 335544320                                 {product} {ergonomic}
   size_t MarkStackSize                            = 4194304                                   {product} {ergonomic}
   size_t MaxHeapSize                              = 5343543296                                {product} {ergonomic}
   size_t MaxNewSize                               = 3204448256                                {product} {ergonomic}
   size_t MinHeapDeltaBytes                        = 4194304                                   {product} {ergonomic}
   size_t MinHeapSize                              = 8388608                                   {product} {ergonomic}
    uintx NonNMethodCodeHeapSize                   = 5832780                                {pd product} {ergonomic}
    uintx NonProfiledCodeHeapSize                  = 122912730                              {pd product} {ergonomic}
    uintx ProfiledCodeHeapSize                     = 122912730                              {pd product} {ergonomic}
    uintx ReservedCodeCacheSize                    = 251658240                              {pd product} {ergonomic}
     bool SegmentedCodeCache                       = true                                      {product} {ergonomic}
   size_t SoftMaxHeapSize                          = 5343543296                             {manageable} {ergonomic}
     bool UseCompressedClassPointers               = true                           {product lp64_product} {ergonomic}
     bool UseCompressedOops                        = true                           {product lp64_product} {ergonomic}
     bool UseG1GC                                  = true                                      {product} {ergonomic}
     bool UseLargePagesIndividualAllocation        = false                                  {pd product} {ergonomic}

Logging:
Log output configuration:
 #0: stdout all=off uptime,level,tags
 #1: stderr all=off uptime,level,tags

Environment Variables:
PATH=C:\Program Files\Common Files\Oracle\Java\javapath;C:\Program Files (x86)\Common Files\Oracle\Java\javapath;C:\Program Files (x86)\Common Files\Intel\Shared Libraries\redist\intel64\compiler;C:\Windows\system32;C:\Windows;C:\Windows\System32\Wbem;C:\Windows\System32\WindowsPowerShell\v1.0\;C:\Windows\System32\OpenSSH\;C:\Program Files\Microsoft SQL Server\130\Tools\Binn\;C:\Program Files\dotnet\;C:\Program Files\NVIDIA Corporation\NVIDIA NvDLISR;C:\Program Files\Git\cmd;C:\Program Files\TortoiseGit\bin;C:\Program Files\PuTTY\;C:\Program Files (x86)\Windows Kits\8.1\Windows Performance Toolkit\;C:\Program Files\Common Files\Autodesk Shared\;C:\Program Files\Microsoft SQL Server\120\Tools\Binn\;C:\Users\Андрей\AppData\Local\Microsoft\WindowsApps;C:\Users\Андрей\AppData\Local\Programs\Microsoft VS Code\bin;C:\Users\Андрей\.dotnet\tools;D:\IntelliJ IDEA 2021.3.1\bin;
USERNAME=Андрей
OS=Windows_NT
PROCESSOR_IDENTIFIER=Intel64 Family 6 Model 158 Stepping 9, GenuineIntel



---------------  S Y S T E M  ---------------

OS:
 Windows 10 , 64 bit Build 17763 (10.0.17763.475)
OS uptime: 5 days 0:59 hours

CPU: total 4 (initial active 4) (4 cores per cpu, 1 threads per core) family 6 model 158 stepping 9 microcode 0x8e, cx8, cmov, fxsr, mmx, 3dnowpref, sse, sse2, sse3, ssse3, sse4.1, sse4.2, popcnt, lzcnt, tsc, tscinvbit, avx, avx2, aes, erms, clmul, bmi1, bmi2, adx, fma, vzeroupper, clflush, clflushopt

Memory: 4k page, system-wide physical 20372M (6901M free)
TotalPageFile size 32430M (AvailPageFile size 5300M)
current process WorkingSet (physical memory assigned to process): 144M, peak: 167M
current process commit charge ("private bytes"): 516M, peak: 541M

vm_info: OpenJDK 64-Bit Server VM (17.0.2+8-86) for windows-amd64 JRE (17.0.2+8-86), built on Dec  7 2021 21:49:10 by "mach5one" with MS VC++ 16.8 / 16.9 (VS2019)

END.
